<?xml version="1.0" encoding="UTF-8"?>
<!-- Generated by org.testng.reporters.JUnitReportReporter -->
<testsuite hostname="DESKTOP-RT443O7" failures="0" tests="1" name="Runnerfile.RunnerC" time="33.284" errors="0" timestamp="2024-11-09T17:00:02 IST" skipped="0">
  <testcase classname="Runnerfile.RunnerC" name="runScenario" time="33.284"/>
  <system-out/>
</testsuite> <!-- Runnerfile.RunnerC -->
